<?xml version="1.0" encoding="UTF-8"?>
<!-- Generated by org.testng.reporters.JUnitReportReporter -->
<testsuite hostname="KIRAN" failures="0" tests="1" name="gitProjectPackage.myclass1" time="0.006" errors="0" timestamp="20 Jun 2024 14:41:23 GMT">
  <testcase classname="gitProjectPackage.myclass1" name="method1" time="0.006"/>
</testsuite> <!-- gitProjectPackage.myclass1 -->
