<?xml version="1.0" encoding="UTF-8"?>
<!-- Generated by org.testng.reporters.JUnitReportReporter -->
<testsuite hostname="KIRAN" failures="0" tests="1" name="gitProjectPackage.myclass2" time="0.000" errors="0" timestamp="20 Jun 2024 14:41:23 GMT">
  <testcase classname="gitProjectPackage.myclass2" name="method2" time="0.000"/>
</testsuite> <!-- gitProjectPackage.myclass2 -->
